  [1m[35m (4.2ms)[0m  [1m[35mCREATE TABLE "schema_migrations" ("version" varchar NOT NULL PRIMARY KEY) /*application='CatpetApi'*/[0m
  [1m[35m (0.2ms)[0m  [1m[35mCREATE TABLE "ar_internal_metadata" ("key" varchar NOT NULL PRIMARY KEY, "value" varchar, "created_at" datetime(6) NOT NULL, "updated_at" datetime(6) NOT NULL) /*application='CatpetApi'*/[0m
  [1m[36mActiveRecord::InternalMetadata Load (0.2ms)[0m  [1m[34mSELECT * FROM "ar_internal_metadata" WHERE "ar_internal_metadata"."key" = 'environment' ORDER BY "ar_internal_metadata"."key" ASC LIMIT 1 /*application='CatpetApi'*/[0m
  [1m[36mActiveRecord::InternalMetadata Create (0.7ms)[0m  [1m[32mINSERT INTO "ar_internal_metadata" ("key", "value", "created_at", "updated_at") VALUES ('environment', 'development', '2025-10-12 21:46:18.752114', '2025-10-12 21:46:18.752118') RETURNING "key" /*application='CatpetApi'*/[0m
  [1m[36mActiveRecord::SchemaMigration Load (0.1ms)[0m  [1m[34mSELECT "schema_migrations"."version" FROM "schema_migrations" ORDER BY "schema_migrations"."version" ASC /*application='CatpetApi'*/[0m
Migrating to CreateUsers (20251012214522)
  [1m[36mTRANSACTION (0.0ms)[0m  [1m[35mBEGIN immediate TRANSACTION /*application='CatpetApi'*/[0m
  [1m[35m (1.1ms)[0m  [1m[35mCREATE TABLE "users" ("id" integer PRIMARY KEY AUTOINCREMENT NOT NULL, "name" varchar NOT NULL, "email" varchar NOT NULL, "password_digest" varchar NOT NULL, "created_at" datetime(6) NOT NULL, "updated_at" datetime(6) NOT NULL) /*application='CatpetApi'*/[0m
  [1m[35m (0.1ms)[0m  [1m[35mCREATE UNIQUE INDEX "index_users_on_email" ON "users" ("email") /*application='CatpetApi'*/[0m
  [1m[36mActiveRecord::SchemaMigration Create (0.1ms)[0m  [1m[32mINSERT INTO "schema_migrations" ("version") VALUES ('20251012214522') RETURNING "version" /*application='CatpetApi'*/[0m
  [1m[36mTRANSACTION (0.1ms)[0m  [1m[35mCOMMIT TRANSACTION /*application='CatpetApi'*/[0m
  [1m[36mActiveRecord::SchemaMigration Load (0.1ms)[0m  [1m[34mSELECT "schema_migrations"."version" FROM "schema_migrations" ORDER BY "schema_migrations"."version" ASC /*application='CatpetApi'*/[0m
Started POST "/signup" for ::1 at 2025-10-12 21:52:17 +0000
  [1m[36mActiveRecord::SchemaMigration Load (0.1ms)[0m  [1m[34mSELECT "schema_migrations"."version" FROM "schema_migrations" ORDER BY "schema_migrations"."version" ASC /*application='CatpetApi'*/[0m
Processing by RegistrationsController#create as */*
  Parameters: {"user" => {"name" => "Ewerton Silva", "email" => "[FILTERED]", "password" => "[FILTERED]", "password_confirmation" => "[FILTERED]"}, "registration" => {"user" => {"name" => "Ewerton Silva", "email" => "[FILTERED]", "password" => "[FILTERED]", "password_confirmation" => "[FILTERED]"}}}
  [1m[36mTRANSACTION (0.1ms)[0m  [1m[35mBEGIN immediate TRANSACTION /*action='create',application='CatpetApi',controller='registrations'*/[0m
  ↳ app/controllers/registrations_controller.rb:4:in 'RegistrationsController#create'
  [1m[36mUser Exists? (2.1ms)[0m  [1m[34mSELECT 1 AS one FROM "users" WHERE LOWER("users"."email") = LOWER('ewerton@example.com') LIMIT 1 /*action='create',application='CatpetApi',controller='registrations'*/[0m
  ↳ app/controllers/registrations_controller.rb:4:in 'RegistrationsController#create'
  [1m[36mUser Create (0.2ms)[0m  [1m[32mINSERT INTO "users" ("name", "email", "password_digest", "created_at", "updated_at") VALUES ('Ewerton Silva', 'ewerton@example.com', '$2a$12$mwLnk9cxKvLDv3m0RThup.IO6C6G94S7XVtal5.vgPL9wwOPwQlKK', '2025-10-12 21:52:17.890798', '2025-10-12 21:52:17.890798') RETURNING "id" /*action='create',application='CatpetApi',controller='registrations'*/[0m
  ↳ app/controllers/registrations_controller.rb:4:in 'RegistrationsController#create'
  [1m[36mTRANSACTION (17.4ms)[0m  [1m[35mCOMMIT TRANSACTION /*action='create',application='CatpetApi',controller='registrations'*/[0m
  ↳ app/controllers/registrations_controller.rb:4:in 'RegistrationsController#create'
Completed 201 Created in 311ms (Views: 0.2ms | ActiveRecord: 22.7ms (2 queries, 0 cached) | GC: 0.0ms)


